STDERR: To https://github.com/bellatogen/rabotyaga.git
   daba6e8..a5d0f43  main -> main

STDERR: bash: line 1: docker-compose: command not found

🚀 Применение системы тем для Работяги
📂 Проект: /Users/pavelfrolov/Desktop/Пивная карта/Софт/rabotyaga/rabotyaga-bot

============================================================
📊 Шаг 1: Создание миграции БД
============================================================
✅ Создан: db/003_theme_presets.sql

============================================================
🔧 Шаг 2: Обновление server.js — API для тем
============================================================
✅ Добавлены API endpoints для тем в server.js

============================================================
🎨 Шаг 3: Обновление admin.html — система тем
============================================================
✅ Добавлены новые темы в CSS
✅ Заменена кнопка темы на dropdown
✅ Добавлена вкладка 'Темы'
✅ Добавлена панель 'Темы'
✅ Обновлён JavaScript для тем

============================================================
🗄️  Шаг 4: Применение миграции БД
============================================================

============================================================
▶ psql "postgresql://localhost:5432/rabotyaga" -f "/Users/pavelfrolov/Desktop/Пивная карта/Софт/rabotyaga/rabotyaga-bot/db/003_theme_presets.sql"
============================================================
CREATE TABLE
CREATE INDEX
CREATE TABLE
COMMENT
COMMENT

✅ Миграция применена успешно

============================================================
🚀 Шаг 5: Деплой на сервер
============================================================

============================================================
▶ git add -A
============================================================


============================================================
▶ git commit -m "feat: добавить систему тем с 6 пресетами и редактором цветов"
============================================================
[main a5d0f43] feat: добавить систему тем с 6 пресетами и редактором цветов
 12 files changed, 1155 insertions(+), 8 deletions(-)
 create mode 100644 docs/.DS_Store
 create mode 100644 rabotyaga-bot/apply_themes.log
 create mode 100644 rabotyaga-bot/apply_themes.py
 create mode 100644 rabotyaga-bot/db/002_data_sources.sql
 create mode 100644 rabotyaga-bot/db/003_theme_presets.sql
 create mode 100644 rabotyaga-bot/src/api/dataSources.js


============================================================
▶ git push
============================================================


Подключение к серверу для перезапуска...

============================================================
▶ ssh root@147.45.255.158 "cd /root/rabotyaga && docker-compose restart rabotyaga-bot"
============================================================


⚠️  Деплой завершился с ошибкой. Проверь логи:
  ssh root@147.45.255.158 'cd /root/rabotyaga && docker-compose logs --tail=50'
